<?xml version="1.0" encoding="UTF-8"?>
<!-- Generated by org.testng.reporters.JUnitReportReporter -->
<testsuite hostname="DESKTOP-L4OET23" failures="0" tests="1" name="dropdown.DropdownTests" time="3.782" errors="0" timestamp="08 Aug 2025 05:27:23 GMT" skipped="0">
  <testcase classname="dropdown.DropdownTests" name="testSelectOption" time="3.782"/>
</testsuite> <!-- dropdown.DropdownTests -->
