<?xml version="1.0" encoding="UTF-8"?>
<!-- Generated by org.testng.reporters.JUnitReportReporter -->
<testsuite hostname="DESKTOP-L4OET23" failures="0" tests="1" name="login.LoginTests" time="7.073" errors="0" timestamp="08 Aug 2025 05:27:23 GMT" skipped="0">
  <testcase classname="login.LoginTests" name="testSuccessfulLogin" time="7.073"/>
</testsuite> <!-- login.LoginTests -->
