<?xml version="1.0" encoding="UTF-8"?>
<!-- Generated by org.testng.reporters.JUnitReportReporter -->
<testsuite hostname="DESKTOP-L4OET23" failures="0" tests="1" name="wait.WaitTests" time="9.187" errors="0" timestamp="08 Aug 2025 05:27:23 GMT" skipped="0">
  <testcase classname="wait.WaitTests" name="testWaitUntilHidden" time="9.187"/>
</testsuite> <!-- wait.WaitTests -->
