<?xml version="1.0" encoding="UTF-8"?>
<!-- Generated by org.testng.reporters.JUnitReportReporter -->
<testsuite hostname="DESKTOP-L4OET23" failures="0" tests="2" name="javascript.JavaScriptTests" time="11.925" errors="0" timestamp="08 Aug 2025 05:27:23 GMT" skipped="0">
  <testcase classname="javascript.JavaScriptTests" name="testScrollToTable" time="4.244"/>
  <testcase classname="javascript.JavaScriptTests" name="testScrollToFifthParagraph" time="7.681"/>
</testsuite> <!-- javascript.JavaScriptTests -->
